2022-07-03 12:33:09,546 [INFO]  * Running on http://127.0.0.1:5000 (Press CTRL+C to quit)
2022-07-03 12:33:09,561 [INFO]  * Restarting with stat
2022-07-03 12:33:09,858 [WARNING]  * Debugger is active!
2022-07-03 12:33:09,858 [INFO]  * Debugger PIN: 580-258-224
2022-07-03 12:33:36,816 [INFO] 127.0.0.1 - - [03/Jul/2022 12:33:36] "GET / HTTP/1.1" 200 -
2022-07-03 12:33:36,915 [INFO] 127.0.0.1 - - [03/Jul/2022 12:33:36] "[36mGET /static/img/eye.png HTTP/1.1[0m" 304 -
2022-07-03 12:33:36,917 [INFO] 127.0.0.1 - - [03/Jul/2022 12:33:36] "[36mGET /static/css/styles.min.css HTTP/1.1[0m" 304 -
2022-07-03 12:33:36,920 [INFO] 127.0.0.1 - - [03/Jul/2022 12:33:36] "[36mGET /static/img/bookmark.png HTTP/1.1[0m" 304 -
2022-07-03 12:33:36,921 [INFO] 127.0.0.1 - - [03/Jul/2022 12:33:36] "[36mGET /static/img/search.png HTTP/1.1[0m" 304 -
2022-07-03 12:34:23,127 [INFO] 127.0.0.1 - - [03/Jul/2022 12:34:23] "GET / HTTP/1.1" 200 -
2022-07-03 12:34:23,154 [INFO] 127.0.0.1 - - [03/Jul/2022 12:34:23] "[36mGET /static/css/styles.min.css HTTP/1.1[0m" 304 -
2022-07-03 12:34:23,173 [INFO] 127.0.0.1 - - [03/Jul/2022 12:34:23] "[36mGET /static/img/search.png HTTP/1.1[0m" 304 -
2022-07-03 12:34:23,174 [INFO] 127.0.0.1 - - [03/Jul/2022 12:34:23] "[36mGET /static/img/bookmark.png HTTP/1.1[0m" 304 -
2022-07-03 12:34:23,176 [INFO] 127.0.0.1 - - [03/Jul/2022 12:34:23] "[36mGET /static/img/eye.png HTTP/1.1[0m" 304 -
2022-07-03 12:34:45,780 [INFO]  * Running on http://127.0.0.1:5000 (Press CTRL+C to quit)
2022-07-03 12:34:45,780 [INFO]  * Restarting with stat
2022-07-03 12:34:46,077 [WARNING]  * Debugger is active!
2022-07-03 12:34:46,077 [INFO]  * Debugger PIN: 580-258-224
2022-07-03 12:34:47,547 [INFO] 127.0.0.1 - - [03/Jul/2022 12:34:47] "GET / HTTP/1.1" 200 -
2022-07-03 12:34:47,610 [INFO] 127.0.0.1 - - [03/Jul/2022 12:34:47] "[36mGET /static/css/styles.min.css HTTP/1.1[0m" 304 -
2022-07-03 12:34:47,656 [INFO] 127.0.0.1 - - [03/Jul/2022 12:34:47] "[36mGET /static/img/search.png HTTP/1.1[0m" 304 -
2022-07-03 12:34:47,656 [INFO] 127.0.0.1 - - [03/Jul/2022 12:34:47] "[36mGET /static/img/bookmark.png HTTP/1.1[0m" 304 -
2022-07-03 12:34:47,656 [INFO] 127.0.0.1 - - [03/Jul/2022 12:34:47] "[36mGET /static/img/eye.png HTTP/1.1[0m" 304 -
2022-07-03 12:36:17,974 [INFO]  * Running on http://127.0.0.1:5000 (Press CTRL+C to quit)
2022-07-03 12:36:17,974 [INFO]  * Restarting with stat
2022-07-03 12:36:18,271 [WARNING]  * Debugger is active!
2022-07-03 12:36:18,271 [INFO]  * Debugger PIN: 580-258-224
2022-07-03 12:36:20,275 [INFO] 127.0.0.1 - - [03/Jul/2022 12:36:20] "GET /seek HTTP/1.1" 200 -
2022-07-03 12:36:20,342 [INFO] 127.0.0.1 - - [03/Jul/2022 12:36:20] "[36mGET /static/css/styles.min.css HTTP/1.1[0m" 304 -
2022-07-03 12:36:20,357 [INFO] 127.0.0.1 - - [03/Jul/2022 12:36:20] "[36mGET /static/img/eye.png HTTP/1.1[0m" 304 -
2022-07-03 12:36:20,357 [INFO] 127.0.0.1 - - [03/Jul/2022 12:36:20] "[36mGET /static/img/bookmark.png HTTP/1.1[0m" 304 -
2022-07-03 12:37:34,397 [INFO]  * Running on http://127.0.0.1:5000 (Press CTRL+C to quit)
2022-07-03 12:37:34,397 [INFO]  * Restarting with stat
2022-07-03 12:37:34,694 [WARNING]  * Debugger is active!
2022-07-03 12:37:34,709 [INFO]  * Debugger PIN: 580-258-224
2022-07-03 12:37:56,694 [INFO]  * Running on http://127.0.0.1:5000 (Press CTRL+C to quit)
2022-07-03 12:37:56,694 [INFO]  * Restarting with stat
2022-07-03 12:37:57,100 [WARNING]  * Debugger is active!
2022-07-03 12:37:57,100 [INFO]  * Debugger PIN: 580-258-224
2022-07-03 12:37:59,558 [INFO] 127.0.0.1 - - [03/Jul/2022 12:37:59] "GET / HTTP/1.1" 200 -
2022-07-03 12:37:59,598 [INFO] 127.0.0.1 - - [03/Jul/2022 12:37:59] "[36mGET /static/css/styles.min.css HTTP/1.1[0m" 304 -
2022-07-03 12:37:59,645 [INFO] 127.0.0.1 - - [03/Jul/2022 12:37:59] "[36mGET /static/img/bookmark.png HTTP/1.1[0m" 304 -
2022-07-03 12:37:59,645 [INFO] 127.0.0.1 - - [03/Jul/2022 12:37:59] "[36mGET /static/img/eye.png HTTP/1.1[0m" 304 -
2022-07-03 12:37:59,660 [INFO] 127.0.0.1 - - [03/Jul/2022 12:37:59] "[36mGET /static/img/search.png HTTP/1.1[0m" 304 -
2022-07-03 12:38:00,940 [INFO] 127.0.0.1 - - [03/Jul/2022 12:38:00] "GET /seek HTTP/1.1" 200 -
2022-07-03 12:38:00,963 [INFO] 127.0.0.1 - - [03/Jul/2022 12:38:00] "[36mGET /static/css/styles.min.css HTTP/1.1[0m" 304 -
2022-07-03 12:38:00,979 [INFO] 127.0.0.1 - - [03/Jul/2022 12:38:00] "[36mGET /static/img/eye.png HTTP/1.1[0m" 304 -
2022-07-03 12:38:00,979 [INFO] 127.0.0.1 - - [03/Jul/2022 12:38:00] "[36mGET /static/img/bookmark.png HTTP/1.1[0m" 304 -
2022-07-03 12:39:19,040 [INFO]  * Detected change in 'C:\\Python_work\\course_work_3\\app.py', reloading
2022-07-03 12:39:19,137 [INFO]  * Restarting with stat
2022-07-03 12:39:19,480 [WARNING]  * Debugger is active!
2022-07-03 12:39:19,481 [INFO]  * Debugger PIN: 580-258-224
2022-07-03 12:39:24,467 [INFO]  * Running on http://127.0.0.1:5000 (Press CTRL+C to quit)
2022-07-03 12:39:24,467 [INFO]  * Restarting with stat
2022-07-03 12:39:24,810 [WARNING]  * Debugger is active!
2022-07-03 12:39:24,810 [INFO]  * Debugger PIN: 580-258-224
2022-07-03 12:39:29,576 [INFO] Запрос 
2022-07-03 12:39:29,584 [INFO] 127.0.0.1 - - [03/Jul/2022 12:39:29] "GET / HTTP/1.1" 200 -
2022-07-03 12:39:29,644 [INFO] 127.0.0.1 - - [03/Jul/2022 12:39:29] "[36mGET /static/css/styles.min.css HTTP/1.1[0m" 304 -
2022-07-03 12:39:29,657 [INFO] 127.0.0.1 - - [03/Jul/2022 12:39:29] "[36mGET /static/img/search.png HTTP/1.1[0m" 304 -
2022-07-03 12:39:29,680 [INFO] 127.0.0.1 - - [03/Jul/2022 12:39:29] "[36mGET /static/img/bookmark.png HTTP/1.1[0m" 304 -
2022-07-03 12:39:29,683 [INFO] 127.0.0.1 - - [03/Jul/2022 12:39:29] "[36mGET /static/img/eye.png HTTP/1.1[0m" 304 -
2022-07-03 12:39:30,877 [INFO] Запрос 
2022-07-03 12:39:30,882 [INFO] 127.0.0.1 - - [03/Jul/2022 12:39:30] "GET /seek HTTP/1.1" 200 -
2022-07-03 12:39:30,908 [INFO] 127.0.0.1 - - [03/Jul/2022 12:39:30] "[36mGET /static/css/styles.min.css HTTP/1.1[0m" 304 -
2022-07-03 12:39:30,925 [INFO] 127.0.0.1 - - [03/Jul/2022 12:39:30] "[36mGET /static/img/eye.png HTTP/1.1[0m" 304 -
2022-07-03 12:39:30,925 [INFO] 127.0.0.1 - - [03/Jul/2022 12:39:30] "[36mGET /static/img/bookmark.png HTTP/1.1[0m" 304 -
2022-07-03 12:40:25,621 [INFO]  * Running on http://127.0.0.1:5000 (Press CTRL+C to quit)
2022-07-03 12:40:25,621 [INFO]  * Restarting with stat
2022-07-03 12:40:25,902 [WARNING]  * Debugger is active!
2022-07-03 12:40:25,902 [INFO]  * Debugger PIN: 580-258-224
2022-07-03 12:40:30,106 [INFO] 127.0.0.1 - - [03/Jul/2022 12:40:30] "[35m[1mGET / HTTP/1.1[0m" 500 -
2022-07-03 12:40:30,155 [INFO] 127.0.0.1 - - [03/Jul/2022 12:40:30] "[36mGET /?__debugger__=yes&cmd=resource&f=style.css HTTP/1.1[0m" 304 -
2022-07-03 12:40:30,174 [INFO] 127.0.0.1 - - [03/Jul/2022 12:40:30] "[36mGET /?__debugger__=yes&cmd=resource&f=debugger.js HTTP/1.1[0m" 304 -
2022-07-03 12:40:30,219 [INFO] 127.0.0.1 - - [03/Jul/2022 12:40:30] "[36mGET /?__debugger__=yes&cmd=resource&f=console.png HTTP/1.1[0m" 304 -
2022-07-03 12:40:30,293 [INFO] 127.0.0.1 - - [03/Jul/2022 12:40:30] "[36mGET /?__debugger__=yes&cmd=resource&f=console.png HTTP/1.1[0m" 304 -
2022-07-03 12:40:49,283 [INFO]  * Running on http://127.0.0.1:5000 (Press CTRL+C to quit)
2022-07-03 12:40:49,283 [INFO]  * Restarting with stat
2022-07-03 12:40:49,689 [WARNING]  * Debugger is active!
2022-07-03 12:40:49,689 [INFO]  * Debugger PIN: 580-258-224
2022-07-03 12:40:52,356 [INFO] 127.0.0.1 - - [03/Jul/2022 12:40:52] "[35m[1mGET / HTTP/1.1[0m" 500 -
2022-07-03 12:40:52,403 [INFO] 127.0.0.1 - - [03/Jul/2022 12:40:52] "[36mGET /?__debugger__=yes&cmd=resource&f=style.css HTTP/1.1[0m" 304 -
2022-07-03 12:40:52,419 [INFO] 127.0.0.1 - - [03/Jul/2022 12:40:52] "[36mGET /?__debugger__=yes&cmd=resource&f=debugger.js HTTP/1.1[0m" 304 -
2022-07-03 12:40:52,460 [INFO] 127.0.0.1 - - [03/Jul/2022 12:40:52] "[36mGET /?__debugger__=yes&cmd=resource&f=console.png HTTP/1.1[0m" 304 -
2022-07-03 12:40:52,504 [INFO] 127.0.0.1 - - [03/Jul/2022 12:40:52] "[36mGET /?__debugger__=yes&cmd=resource&f=console.png HTTP/1.1[0m" 304 -
2022-07-03 12:41:08,801 [INFO]  * Running on http://127.0.0.1:5000 (Press CTRL+C to quit)
2022-07-03 12:41:08,816 [INFO]  * Restarting with stat
2022-07-03 12:41:09,191 [WARNING]  * Debugger is active!
2022-07-03 12:41:09,191 [INFO]  * Debugger PIN: 580-258-224
2022-07-03 12:41:22,797 [INFO] Запрос /
2022-07-03 12:41:22,797 [INFO] 127.0.0.1 - - [03/Jul/2022 12:41:22] "GET / HTTP/1.1" 200 -
2022-07-03 12:41:22,875 [INFO] 127.0.0.1 - - [03/Jul/2022 12:41:22] "[36mGET /static/img/search.png HTTP/1.1[0m" 304 -
2022-07-03 12:41:22,875 [INFO] 127.0.0.1 - - [03/Jul/2022 12:41:22] "[36mGET /static/css/styles.min.css HTTP/1.1[0m" 304 -
2022-07-03 12:41:22,891 [INFO] 127.0.0.1 - - [03/Jul/2022 12:41:22] "[36mGET /static/img/bookmark.png HTTP/1.1[0m" 304 -
2022-07-03 12:41:22,907 [INFO] 127.0.0.1 - - [03/Jul/2022 12:41:22] "[36mGET /static/img/eye.png HTTP/1.1[0m" 304 -
2022-07-03 12:41:35,194 [INFO] Запрос 
2022-07-03 12:41:35,198 [INFO] 127.0.0.1 - - [03/Jul/2022 12:41:35] "GET /seek HTTP/1.1" 200 -
2022-07-03 12:41:35,214 [INFO] 127.0.0.1 - - [03/Jul/2022 12:41:35] "[36mGET /static/css/styles.min.css HTTP/1.1[0m" 304 -
2022-07-03 12:41:35,214 [INFO] 127.0.0.1 - - [03/Jul/2022 12:41:35] "[36mGET /static/img/eye.png HTTP/1.1[0m" 304 -
2022-07-03 12:41:35,229 [INFO] 127.0.0.1 - - [03/Jul/2022 12:41:35] "[36mGET /static/img/bookmark.png HTTP/1.1[0m" 304 -
2022-07-03 12:42:54,706 [INFO]  * Running on http://127.0.0.1:5000 (Press CTRL+C to quit)
2022-07-03 12:42:54,706 [INFO]  * Restarting with stat
2022-07-03 12:42:54,988 [WARNING]  * Debugger is active!
2022-07-03 12:42:54,988 [INFO]  * Debugger PIN: 580-258-224
2022-07-03 12:43:10,276 [INFO] Запрос /api/posts
2022-07-03 12:43:10,278 [INFO] 127.0.0.1 - - [03/Jul/2022 12:43:10] "GET /api/posts HTTP/1.1" 200 -
2022-07-03 12:44:14,426 [INFO]  * Running on http://127.0.0.1:5000 (Press CTRL+C to quit)
2022-07-03 12:44:14,442 [INFO]  * Restarting with stat
2022-07-03 12:44:14,770 [WARNING]  * Debugger is active!
2022-07-03 12:44:14,770 [INFO]  * Debugger PIN: 580-258-224
2022-07-03 12:44:18,640 [INFO] Запрос /api/posts/1
2022-07-03 12:44:18,641 [INFO] 127.0.0.1 - - [03/Jul/2022 12:44:18] "GET /api/posts/1 HTTP/1.1" 200 -
2022-07-03 12:44:29,758 [INFO] Запрос /api/posts/2
2022-07-03 12:44:29,759 [INFO] 127.0.0.1 - - [03/Jul/2022 12:44:29] "GET /api/posts/2 HTTP/1.1" 200 -
2022-07-03 12:45:12,581 [INFO] Запрос /api/posts/122
2022-07-03 12:45:12,581 [INFO] 127.0.0.1 - - [03/Jul/2022 12:45:12] "GET /api/posts/122 HTTP/1.1" 200 -
2022-07-03 12:48:29,273 [INFO]  * Detected change in 'C:\\Python_work\\course_work_3\\tests\\api_posts_test.py', reloading
2022-07-03 12:48:29,407 [INFO]  * Restarting with stat
2022-07-03 12:48:29,784 [WARNING]  * Debugger is active!
2022-07-03 12:48:29,785 [INFO]  * Debugger PIN: 580-258-224
2022-07-03 12:50:30,060 [INFO]  * Detected change in 'C:\\Python_work\\course_work_3\\tests\\api_posts_test.py', reloading
2022-07-03 12:50:30,200 [INFO]  * Restarting with stat
2022-07-03 12:50:30,612 [WARNING]  * Debugger is active!
2022-07-03 12:50:30,612 [INFO]  * Debugger PIN: 580-258-224
2022-07-03 12:50:43,708 [INFO]  * Detected change in 'C:\\Python_work\\course_work_3\\tests\\api_posts_test.py', reloading
2022-07-03 12:50:43,739 [INFO]  * Restarting with stat
2022-07-03 12:50:44,117 [WARNING]  * Debugger is active!
2022-07-03 12:50:44,117 [INFO]  * Debugger PIN: 580-258-224
2022-07-03 12:50:47,160 [INFO]  * Detected change in 'C:\\Python_work\\course_work_3\\tests\\api_posts_test.py', reloading
2022-07-03 12:50:47,232 [INFO]  * Restarting with stat
2022-07-03 12:50:47,566 [WARNING]  * Debugger is active!
2022-07-03 12:50:47,567 [INFO]  * Debugger PIN: 580-258-224
2022-07-03 12:50:54,635 [INFO]  * Detected change in 'C:\\Python_work\\course_work_3\\tests\\api_posts_test.py', reloading
2022-07-03 12:50:54,694 [INFO]  * Restarting with stat
2022-07-03 12:50:55,120 [WARNING]  * Debugger is active!
2022-07-03 12:50:55,121 [INFO]  * Debugger PIN: 580-258-224
2022-07-03 12:51:11,313 [INFO]  * Detected change in 'C:\\Python_work\\course_work_3\\tests\\api_posts_test.py', reloading
2022-07-03 12:51:11,340 [INFO]  * Restarting with stat
2022-07-03 12:51:11,726 [WARNING]  * Debugger is active!
2022-07-03 12:51:11,727 [INFO]  * Debugger PIN: 580-258-224
2022-07-03 12:52:09,327 [INFO]  * Running on http://127.0.0.1:5000 (Press CTRL+C to quit)
2022-07-03 12:52:09,327 [INFO]  * Restarting with stat
2022-07-03 12:52:09,592 [WARNING]  * Debugger is active!
2022-07-03 12:52:09,592 [INFO]  * Debugger PIN: 580-258-224
2022-07-03 12:52:50,862 [INFO]  * Detected change in 'C:\\Python_work\\course_work_3\\tests\\api_posts_test.py', reloading
2022-07-03 12:52:50,893 [INFO]  * Restarting with stat
2022-07-03 12:52:51,221 [WARNING]  * Debugger is active!
2022-07-03 12:52:51,221 [INFO]  * Debugger PIN: 580-258-224
2022-07-03 12:54:38,450 [INFO]  * Detected change in 'C:\\Python_work\\course_work_3\\tests\\api_posts_test.py', reloading
2022-07-03 12:54:38,513 [INFO]  * Restarting with stat
2022-07-03 12:54:38,809 [WARNING]  * Debugger is active!
2022-07-03 12:54:38,809 [INFO]  * Debugger PIN: 580-258-224
2022-07-03 12:54:59,741 [INFO] Запрос /api/posts
2022-07-03 12:54:59,742 [INFO] 127.0.0.1 - - [03/Jul/2022 12:54:59] "GET /api/posts HTTP/1.1" 200 -
2022-07-03 13:00:53,417 [INFO]  * Detected change in 'C:\\Python_work\\course_work_3\\tests\\api_posts_test.py', reloading
2022-07-03 13:00:53,557 [INFO]  * Restarting with stat
2022-07-03 13:00:53,995 [WARNING]  * Debugger is active!
2022-07-03 13:00:53,995 [INFO]  * Debugger PIN: 580-258-224
2022-07-03 13:01:16,220 [INFO]  * Detected change in 'C:\\Python_work\\course_work_3\\tests\\api_posts_test.py', reloading
2022-07-03 13:01:16,298 [INFO]  * Restarting with stat
2022-07-03 13:01:16,611 [WARNING]  * Debugger is active!
2022-07-03 13:01:16,611 [INFO]  * Debugger PIN: 580-258-224
2022-07-03 13:01:56,881 [INFO]  * Detected change in 'C:\\Python_work\\course_work_3\\tests\\api_posts_test.py', reloading
2022-07-03 13:01:56,928 [INFO]  * Restarting with stat
2022-07-03 13:01:57,209 [WARNING]  * Debugger is active!
2022-07-03 13:01:57,209 [INFO]  * Debugger PIN: 580-258-224
2022-07-03 13:02:38,430 [INFO]  * Running on http://127.0.0.1:5000 (Press CTRL+C to quit)
2022-07-03 13:02:38,446 [INFO]  * Restarting with stat
2022-07-03 13:02:38,727 [WARNING]  * Debugger is active!
2022-07-03 13:02:38,727 [INFO]  * Debugger PIN: 580-258-224
2022-07-03 13:03:33,855 [INFO]  * Running on http://127.0.0.1:5000 (Press CTRL+C to quit)
2022-07-03 13:03:33,855 [INFO]  * Restarting with stat
2022-07-03 13:03:34,152 [WARNING]  * Debugger is active!
2022-07-03 13:03:34,152 [INFO]  * Debugger PIN: 580-258-224
2022-07-03 13:03:37,915 [INFO] Запрос /api/posts
2022-07-03 13:03:37,917 [INFO] 127.0.0.1 - - [03/Jul/2022 13:03:37] "GET /api/posts HTTP/1.1" 200 -
2022-07-03 13:03:39,673 [INFO] Запрос /api/posts
2022-07-03 13:03:39,674 [INFO] 127.0.0.1 - - [03/Jul/2022 13:03:39] "GET /api/posts HTTP/1.1" 200 -
2022-07-03 13:05:33,063 [INFO] Запрос /api/posts
2022-07-03 13:05:33,078 [INFO]  * Running on http://127.0.0.1:5000 (Press CTRL+C to quit)
2022-07-03 13:05:33,078 [INFO]  * Restarting with stat
2022-07-03 13:05:33,422 [INFO] Запрос /api/posts
2022-07-03 13:05:33,438 [WARNING]  * Debugger is active!
2022-07-03 13:05:33,438 [INFO]  * Debugger PIN: 580-258-224
2022-07-03 13:05:43,219 [INFO] Запрос /api/posts
2022-07-03 13:05:43,235 [INFO]  * Running on http://127.0.0.1:5000 (Press CTRL+C to quit)
2022-07-03 13:05:43,235 [INFO]  * Restarting with stat
2022-07-03 13:05:43,594 [INFO] Запрос /api/posts
2022-07-03 13:05:43,610 [WARNING]  * Debugger is active!
2022-07-03 13:05:43,610 [INFO]  * Debugger PIN: 580-258-224
2022-07-03 13:06:24,872 [INFO] Запрос /api/posts
2022-07-03 13:06:24,888 [INFO]  * Running on http://127.0.0.1:5000 (Press CTRL+C to quit)
2022-07-03 13:06:24,888 [INFO]  * Restarting with stat
2022-07-03 13:06:25,278 [INFO] Запрос /api/posts
2022-07-03 13:06:25,294 [WARNING]  * Debugger is active!
2022-07-03 13:06:25,294 [INFO]  * Debugger PIN: 580-258-224
2022-07-03 13:07:14,688 [INFO]  * Detected change in 'C:\\Python_work\\course_work_3\\app.py', reloading
2022-07-03 13:07:14,720 [INFO]  * Restarting with stat
2022-07-03 13:07:15,001 [WARNING]  * Debugger is active!
2022-07-03 13:07:15,001 [INFO]  * Debugger PIN: 580-258-224
2022-07-03 13:07:28,141 [INFO]  * Detected change in 'C:\\Python_work\\course_work_3\\tests\\api_posts_test.py', reloading
2022-07-03 13:07:28,173 [INFO]  * Restarting with stat
2022-07-03 13:07:28,485 [WARNING]  * Debugger is active!
2022-07-03 13:07:28,485 [INFO]  * Debugger PIN: 580-258-224
2022-07-03 13:07:47,641 [INFO]  * Detected change in 'C:\\Python_work\\course_work_3\\tests\\api_posts_test.py', reloading
2022-07-03 13:07:47,688 [INFO]  * Restarting with stat
2022-07-03 13:07:48,095 [WARNING]  * Debugger is active!
2022-07-03 13:07:48,110 [INFO]  * Debugger PIN: 580-258-224
2022-07-03 13:11:31,811 [INFO]  * Detected change in 'C:\\Python_work\\course_work_3\\api_posts_test.py', reloading
2022-07-03 13:11:31,889 [INFO]  * Restarting with stat
2022-07-03 13:11:32,155 [WARNING]  * Debugger is active!
2022-07-03 13:11:32,170 [INFO]  * Debugger PIN: 580-258-224
2022-07-03 13:11:50,360 [INFO]  * Detected change in 'C:\\Python_work\\course_work_3\\api_posts_test.py', reloading
2022-07-03 13:11:50,406 [INFO]  * Restarting with stat
2022-07-03 13:11:50,688 [WARNING]  * Debugger is active!
2022-07-03 13:11:50,703 [INFO]  * Debugger PIN: 580-258-224
2022-07-03 13:11:58,715 [INFO] Запрос /api/posts
2022-07-03 13:11:58,717 [INFO] 127.0.0.1 - - [03/Jul/2022 13:11:58] "GET /api/posts HTTP/1.1" 200 -
2022-07-03 13:12:38,116 [INFO]  * Detected change in 'C:\\Python_work\\course_work_3\\api_posts_test.py', reloading
2022-07-03 13:12:38,163 [INFO]  * Restarting with stat
2022-07-03 13:12:38,491 [WARNING]  * Debugger is active!
2022-07-03 13:12:38,491 [INFO]  * Debugger PIN: 580-258-224
2022-07-03 13:12:55,649 [INFO]  * Detected change in 'C:\\Python_work\\course_work_3\\api_posts_test.py', reloading
2022-07-03 13:12:55,727 [INFO]  * Restarting with stat
2022-07-03 13:12:56,024 [WARNING]  * Debugger is active!
2022-07-03 13:12:56,024 [INFO]  * Debugger PIN: 580-258-224
2022-07-03 13:13:23,259 [INFO]  * Detected change in 'C:\\Python_work\\course_work_3\\api_posts_test.py', reloading
2022-07-03 13:13:23,321 [INFO]  * Restarting with stat
2022-07-03 13:13:23,649 [WARNING]  * Debugger is active!
2022-07-03 13:13:23,665 [INFO]  * Debugger PIN: 580-258-224
2022-07-03 13:14:02,996 [INFO]  * Detected change in 'C:\\Python_work\\course_work_3\\api_posts_test.py', reloading
2022-07-03 13:14:03,059 [INFO]  * Restarting with stat
2022-07-03 13:14:03,387 [WARNING]  * Debugger is active!
2022-07-03 13:14:03,402 [INFO]  * Debugger PIN: 580-258-224
2022-07-03 13:14:25,577 [INFO]  * Detected change in 'C:\\Python_work\\course_work_3\\api_posts_test.py', reloading
2022-07-03 13:14:25,624 [INFO]  * Restarting with stat
2022-07-03 13:14:25,796 [INFO] Запрос /api/posts
2022-07-03 13:14:25,937 [WARNING]  * Debugger is active!
2022-07-03 13:14:25,937 [INFO]  * Debugger PIN: 580-258-224
2022-07-03 13:15:08,298 [INFO]  * Detected change in 'C:\\Python_work\\course_work_3\\api_posts_test.py', reloading
2022-07-03 13:15:08,345 [INFO]  * Restarting with stat
2022-07-03 13:15:08,658 [WARNING]  * Debugger is active!
2022-07-03 13:15:08,658 [INFO]  * Debugger PIN: 580-258-224
2022-07-03 13:15:34,908 [INFO]  * Detected change in 'C:\\Python_work\\course_work_3\\api_posts_test.py', reloading
2022-07-03 13:15:34,970 [INFO]  * Restarting with stat
2022-07-03 13:15:35,283 [WARNING]  * Debugger is active!
2022-07-03 13:15:35,283 [INFO]  * Debugger PIN: 580-258-224
2022-07-03 13:16:08,616 [INFO]  * Detected change in 'C:\\Python_work\\course_work_3\\api_posts_test.py', reloading
2022-07-03 13:16:08,663 [INFO]  * Restarting with stat
2022-07-03 13:16:08,991 [WARNING]  * Debugger is active!
2022-07-03 13:16:08,991 [INFO]  * Debugger PIN: 580-258-224
2022-07-03 13:17:37,408 [INFO] Запрос /api/posts
2022-07-03 13:17:37,689 [INFO]  * Detected change in 'C:\\Python_work\\course_work_3\\api_posts_test.py', reloading
2022-07-03 13:17:37,720 [INFO]  * Restarting with stat
2022-07-03 13:17:38,002 [WARNING]  * Debugger is active!
2022-07-03 13:17:38,002 [INFO]  * Debugger PIN: 580-258-224
2022-07-03 13:18:14,299 [INFO]  * Detected change in 'C:\\Python_work\\course_work_3\\api_posts_test.py', reloading
2022-07-03 13:18:14,361 [INFO]  * Restarting with stat
2022-07-03 13:18:14,486 [INFO] Запрос /api/posts
2022-07-03 13:18:14,705 [WARNING]  * Debugger is active!
2022-07-03 13:18:14,705 [INFO]  * Debugger PIN: 580-258-224
2022-07-03 13:18:44,961 [INFO]  * Detected change in 'C:\\Python_work\\course_work_3\\api_posts_test.py', reloading
2022-07-03 13:18:45,039 [INFO]  * Restarting with stat
2022-07-03 13:18:45,389 [WARNING]  * Debugger is active!
2022-07-03 13:18:45,389 [INFO]  * Debugger PIN: 580-258-224
2022-07-03 13:20:07,247 [INFO]  * Detected change in 'C:\\Python_work\\course_work_3\\api_posts_test.py', reloading
2022-07-03 13:20:07,325 [INFO]  * Restarting with stat
2022-07-03 13:20:07,403 [INFO] Запрос /api/posts
2022-07-03 13:20:07,638 [WARNING]  * Debugger is active!
2022-07-03 13:20:07,638 [INFO]  * Debugger PIN: 580-258-224
2022-07-03 13:20:26,584 [INFO] Запрос /api/posts
2022-07-03 13:20:26,850 [INFO]  * Detected change in 'C:\\Python_work\\course_work_3\\api_posts_test.py', reloading
2022-07-03 13:20:26,897 [INFO]  * Restarting with stat
2022-07-03 13:20:27,178 [WARNING]  * Debugger is active!
2022-07-03 13:20:27,178 [INFO]  * Debugger PIN: 580-258-224
2022-07-03 13:23:25,539 [INFO]  * Detected change in 'C:\\Python_work\\course_work_3\\api_posts_test.py', reloading
2022-07-03 13:23:25,586 [INFO]  * Restarting with stat
2022-07-03 13:23:25,914 [WARNING]  * Debugger is active!
2022-07-03 13:23:25,914 [INFO]  * Debugger PIN: 580-258-224
2022-07-03 13:23:52,168 [INFO]  * Detected change in 'C:\\Python_work\\course_work_3\\api_posts_test.py', reloading
2022-07-03 13:23:52,257 [INFO]  * Restarting with stat
2022-07-03 13:23:52,583 [WARNING]  * Debugger is active!
2022-07-03 13:23:52,583 [INFO]  * Debugger PIN: 580-258-224
2022-07-03 13:24:13,758 [INFO]  * Detected change in 'C:\\Python_work\\course_work_3\\api_posts_test.py', reloading
2022-07-03 13:24:13,802 [INFO]  * Restarting with stat
2022-07-03 13:24:14,105 [WARNING]  * Debugger is active!
2022-07-03 13:24:14,120 [INFO]  * Debugger PIN: 580-258-224
2022-07-03 13:29:58,776 [INFO]  * Detected change in 'C:\\Python_work\\course_work_3\\api_posts_test.py', reloading
2022-07-03 13:29:58,826 [INFO]  * Restarting with stat
2022-07-03 13:29:59,249 [WARNING]  * Debugger is active!
2022-07-03 13:29:59,250 [INFO]  * Debugger PIN: 580-258-224
2022-07-03 13:31:01,853 [INFO]  * Detected change in 'C:\\Python_work\\course_work_3\\api_posts_test.py', reloading
2022-07-03 13:31:01,913 [INFO]  * Restarting with stat
2022-07-03 13:31:02,342 [WARNING]  * Debugger is active!
2022-07-03 13:31:02,343 [INFO]  * Debugger PIN: 580-258-224
2022-07-03 13:31:38,687 [INFO]  * Detected change in 'C:\\Python_work\\course_work_3\\api_posts_test.py', reloading
2022-07-03 13:31:38,719 [INFO]  * Restarting with stat
2022-07-03 13:31:39,016 [WARNING]  * Debugger is active!
2022-07-03 13:31:39,016 [INFO]  * Debugger PIN: 580-258-224
2022-07-03 13:32:56,269 [INFO] Запрос /api/posts
2022-07-03 13:32:56,628 [INFO]  * Detected change in 'C:\\Python_work\\course_work_3\\api_posts_test.py', reloading
2022-07-03 13:32:56,675 [INFO]  * Restarting with stat
2022-07-03 13:32:56,972 [WARNING]  * Debugger is active!
2022-07-03 13:32:56,972 [INFO]  * Debugger PIN: 580-258-224
2022-07-03 13:33:23,987 [INFO] Запрос /api/posts
2022-07-03 13:33:24,237 [INFO]  * Detected change in 'C:\\Python_work\\course_work_3\\api_posts_test.py', reloading
2022-07-03 13:33:24,269 [INFO]  * Restarting with stat
2022-07-03 13:33:24,565 [WARNING]  * Debugger is active!
2022-07-03 13:33:24,565 [INFO]  * Debugger PIN: 580-258-224
2022-07-03 13:33:39,708 [INFO]  * Detected change in 'C:\\Python_work\\course_work_3\\api_posts_test.py', reloading
2022-07-03 13:33:39,771 [INFO]  * Restarting with stat
2022-07-03 13:33:40,021 [INFO] Запрос /api/posts
2022-07-03 13:33:40,114 [WARNING]  * Debugger is active!
2022-07-03 13:33:40,114 [INFO]  * Debugger PIN: 580-258-224
2022-07-03 13:34:12,329 [INFO] Запрос /api/posts
2022-07-03 13:34:12,423 [INFO]  * Detected change in 'C:\\Python_work\\course_work_3\\api_posts_test.py', reloading
2022-07-03 13:34:12,454 [INFO]  * Restarting with stat
2022-07-03 13:34:12,767 [WARNING]  * Debugger is active!
2022-07-03 13:34:12,767 [INFO]  * Debugger PIN: 580-258-224
2022-07-03 13:34:38,004 [INFO]  * Detected change in 'C:\\Python_work\\course_work_3\\api_posts_test.py', reloading
2022-07-03 13:34:38,051 [INFO]  * Restarting with stat
2022-07-03 13:34:38,254 [INFO] Запрос /api/posts
2022-07-03 13:34:38,347 [WARNING]  * Debugger is active!
2022-07-03 13:34:38,347 [INFO]  * Debugger PIN: 580-258-224
2022-07-03 13:35:00,552 [INFO]  * Detected change in 'C:\\Python_work\\course_work_3\\api_posts_test.py', reloading
2022-07-03 13:35:00,599 [INFO]  * Restarting with stat
2022-07-03 13:35:00,927 [WARNING]  * Debugger is active!
2022-07-03 13:35:00,927 [INFO]  * Debugger PIN: 580-258-224
2022-07-03 13:35:00,975 [INFO] Запрос /api/posts
2022-07-03 13:35:21,127 [INFO]  * Detected change in 'C:\\Python_work\\course_work_3\\api_posts_test.py', reloading
2022-07-03 13:35:21,170 [INFO]  * Restarting with stat
2022-07-03 13:35:21,459 [WARNING]  * Debugger is active!
2022-07-03 13:35:21,459 [INFO]  * Debugger PIN: 580-258-224
2022-07-03 13:35:35,602 [INFO]  * Detected change in 'C:\\Python_work\\course_work_3\\api_posts_test.py', reloading
2022-07-03 13:35:35,680 [INFO]  * Restarting with stat
2022-07-03 13:35:35,977 [WARNING]  * Debugger is active!
2022-07-03 13:35:35,977 [INFO]  * Debugger PIN: 580-258-224
2022-07-03 13:36:15,339 [INFO]  * Detected change in 'C:\\Python_work\\course_work_3\\api_posts_test.py', reloading
2022-07-03 13:36:15,401 [INFO]  * Restarting with stat
2022-07-03 13:36:15,714 [WARNING]  * Debugger is active!
2022-07-03 13:36:15,714 [INFO]  * Debugger PIN: 580-258-224
2022-07-03 13:36:54,045 [INFO]  * Detected change in 'C:\\Python_work\\course_work_3\\api_posts_test.py', reloading
2022-07-03 13:36:54,092 [INFO]  * Restarting with stat
2022-07-03 13:36:54,373 [WARNING]  * Debugger is active!
2022-07-03 13:36:54,373 [INFO]  * Debugger PIN: 580-258-224
2022-07-03 13:37:15,572 [INFO]  * Detected change in 'C:\\Python_work\\course_work_3\\api_posts_test.py', reloading
2022-07-03 13:37:15,635 [INFO]  * Restarting with stat
2022-07-03 13:37:15,947 [WARNING]  * Debugger is active!
2022-07-03 13:37:15,947 [INFO]  * Debugger PIN: 580-258-224
2022-07-03 13:38:21,545 [INFO]  * Detected change in 'C:\\Python_work\\course_work_3\\api_posts_test.py', reloading
2022-07-03 13:38:21,623 [INFO]  * Restarting with stat
2022-07-03 13:38:21,952 [WARNING]  * Debugger is active!
2022-07-03 13:38:21,952 [INFO]  * Debugger PIN: 580-258-224
2022-07-03 13:39:07,253 [INFO]  * Detected change in 'C:\\Python_work\\course_work_3\\api_posts_test.py', reloading
2022-07-03 13:39:07,284 [INFO]  * Restarting with stat
2022-07-03 13:39:07,566 [WARNING]  * Debugger is active!
2022-07-03 13:39:07,566 [INFO]  * Debugger PIN: 580-258-224
2022-07-03 13:39:26,753 [INFO]  * Detected change in 'C:\\Python_work\\course_work_3\\api_posts_test.py', reloading
2022-07-03 13:39:26,800 [INFO]  * Restarting with stat
2022-07-03 13:39:27,128 [WARNING]  * Debugger is active!
2022-07-03 13:39:27,128 [INFO]  * Debugger PIN: 580-258-224
2022-07-03 13:39:46,285 [INFO]  * Detected change in 'C:\\Python_work\\course_work_3\\api_posts_test.py', reloading
2022-07-03 13:39:46,332 [INFO]  * Restarting with stat
2022-07-03 13:39:46,597 [WARNING]  * Debugger is active!
2022-07-03 13:39:46,597 [INFO]  * Debugger PIN: 580-258-224
2022-07-03 13:39:54,660 [INFO]  * Detected change in 'C:\\Python_work\\course_work_3\\api_posts_test.py', reloading
2022-07-03 13:39:54,691 [INFO]  * Restarting with stat
2022-07-03 13:39:54,988 [WARNING]  * Debugger is active!
2022-07-03 13:39:54,988 [INFO]  * Debugger PIN: 580-258-224
2022-07-03 13:40:56,492 [INFO]  * Detected change in 'C:\\Python_work\\course_work_3\\api_posts_test.py', reloading
2022-07-03 13:40:56,523 [INFO]  * Restarting with stat
2022-07-03 13:40:56,805 [WARNING]  * Debugger is active!
2022-07-03 13:40:56,805 [INFO]  * Debugger PIN: 580-258-224
2022-07-03 13:41:11,917 [INFO]  * Detected change in 'C:\\Python_work\\course_work_3\\api_posts_test.py', reloading
2022-07-03 13:41:11,948 [INFO]  * Restarting with stat
2022-07-03 13:41:12,260 [WARNING]  * Debugger is active!
2022-07-03 13:41:12,260 [INFO]  * Debugger PIN: 580-258-224
2022-07-03 13:41:53,642 [INFO]  * Detected change in 'C:\\Python_work\\course_work_3\\api_posts_test.py', reloading
2022-07-03 13:41:53,689 [INFO]  * Restarting with stat
2022-07-03 13:41:54,003 [WARNING]  * Debugger is active!
2022-07-03 13:41:54,004 [INFO]  * Debugger PIN: 580-258-224
2022-07-03 13:42:24,225 [INFO]  * Detected change in 'C:\\Python_work\\course_work_3\\api_posts_test.py', reloading
2022-07-03 13:42:24,256 [INFO]  * Restarting with stat
2022-07-03 13:42:24,553 [WARNING]  * Debugger is active!
2022-07-03 13:42:24,553 [INFO]  * Debugger PIN: 580-258-224
2022-07-03 13:42:34,662 [INFO]  * Detected change in 'C:\\Python_work\\course_work_3\\api_posts_test.py', reloading
2022-07-03 13:42:34,693 [INFO]  * Restarting with stat
2022-07-03 13:42:34,975 [WARNING]  * Debugger is active!
2022-07-03 13:42:34,975 [INFO]  * Debugger PIN: 580-258-224
2022-07-03 13:43:05,209 [INFO]  * Detected change in 'C:\\Python_work\\course_work_3\\api_posts_test.py', reloading
2022-07-03 13:43:05,240 [INFO]  * Restarting with stat
2022-07-03 13:43:05,537 [WARNING]  * Debugger is active!
2022-07-03 13:43:05,537 [INFO]  * Debugger PIN: 580-258-224
2022-07-03 13:43:22,678 [INFO]  * Detected change in 'C:\\Python_work\\course_work_3\\api_posts_test.py', reloading
2022-07-03 13:43:22,709 [INFO]  * Restarting with stat
2022-07-03 13:43:23,006 [WARNING]  * Debugger is active!
2022-07-03 13:43:23,006 [INFO]  * Debugger PIN: 580-258-224
2022-07-03 13:43:36,115 [INFO]  * Detected change in 'C:\\Python_work\\course_work_3\\api_posts_test.py', reloading
2022-07-03 13:43:36,178 [INFO]  * Restarting with stat
2022-07-03 13:43:36,478 [WARNING]  * Debugger is active!
2022-07-03 13:43:36,478 [INFO]  * Debugger PIN: 580-258-224
2022-07-03 13:44:53,205 [INFO]  * Detected change in 'C:\\Python_work\\course_work_3\\api_posts_test.py', reloading
2022-07-03 13:44:53,330 [INFO]  * Restarting with stat
2022-07-03 13:44:53,778 [WARNING]  * Debugger is active!
2022-07-03 13:44:53,779 [INFO]  * Debugger PIN: 580-258-224
2022-07-03 13:46:22,538 [INFO]  * Detected change in 'C:\\Python_work\\course_work_3\\api_posts_test.py', reloading
2022-07-03 13:46:22,585 [INFO]  * Restarting with stat
2022-07-03 13:46:22,923 [WARNING]  * Debugger is active!
2022-07-03 13:46:22,923 [INFO]  * Debugger PIN: 580-258-224
2022-07-03 13:46:44,100 [INFO]  * Detected change in 'C:\\Python_work\\course_work_3\\api_posts_test.py', reloading
2022-07-03 13:46:44,152 [INFO]  * Restarting with stat
2022-07-03 13:46:44,535 [WARNING]  * Debugger is active!
2022-07-03 13:46:44,537 [INFO]  * Debugger PIN: 580-258-224
2022-07-03 13:47:19,834 [INFO]  * Detected change in 'C:\\Python_work\\course_work_3\\api_posts_test.py', reloading
2022-07-03 13:47:19,902 [INFO]  * Restarting with stat
2022-07-03 13:47:20,188 [WARNING]  * Debugger is active!
2022-07-03 13:47:20,189 [INFO]  * Debugger PIN: 580-258-224
2022-07-03 13:47:55,574 [INFO]  * Detected change in 'C:\\Python_work\\course_work_3\\api_posts_test.py', reloading
2022-07-03 13:47:55,687 [INFO]  * Restarting with stat
2022-07-03 13:47:56,002 [WARNING]  * Debugger is active!
2022-07-03 13:47:56,002 [INFO]  * Debugger PIN: 580-258-224
2022-07-03 13:48:26,274 [INFO]  * Detected change in 'C:\\Python_work\\course_work_3\\api_posts_test.py', reloading
2022-07-03 13:48:26,305 [INFO]  * Restarting with stat
2022-07-03 13:48:26,664 [WARNING]  * Debugger is active!
2022-07-03 13:48:26,664 [INFO]  * Debugger PIN: 580-258-224
2022-07-03 13:48:47,849 [INFO]  * Detected change in 'C:\\Python_work\\course_work_3\\api_posts_test.py', reloading
2022-07-03 13:48:47,895 [INFO]  * Restarting with stat
2022-07-03 13:48:48,161 [WARNING]  * Debugger is active!
2022-07-03 13:48:48,161 [INFO]  * Debugger PIN: 580-258-224
2022-07-03 13:49:08,338 [INFO]  * Detected change in 'C:\\Python_work\\course_work_3\\api_posts_test.py', reloading
2022-07-03 13:49:08,415 [INFO]  * Restarting with stat
2022-07-03 13:49:08,759 [WARNING]  * Debugger is active!
2022-07-03 13:49:08,759 [INFO]  * Debugger PIN: 580-258-224
2022-07-03 13:49:33,958 [INFO]  * Detected change in 'C:\\Python_work\\course_work_3\\api_posts_test.py', reloading
2022-07-03 13:49:34,021 [INFO]  * Restarting with stat
2022-07-03 13:49:34,349 [WARNING]  * Debugger is active!
2022-07-03 13:49:34,349 [INFO]  * Debugger PIN: 580-258-224
2022-07-03 13:49:44,422 [INFO]  * Detected change in 'C:\\Python_work\\course_work_3\\api_posts_test.py', reloading
2022-07-03 13:49:44,500 [INFO]  * Restarting with stat
2022-07-03 13:49:44,797 [WARNING]  * Debugger is active!
2022-07-03 13:49:44,797 [INFO]  * Debugger PIN: 580-258-224
2022-07-03 13:50:30,118 [INFO]  * Detected change in 'C:\\Python_work\\course_work_3\\api_posts_test.py', reloading
2022-07-03 13:50:30,189 [INFO]  * Restarting with stat
2022-07-03 13:50:30,589 [WARNING]  * Debugger is active!
2022-07-03 13:50:30,589 [INFO]  * Debugger PIN: 580-258-224
2022-07-03 13:50:59,874 [INFO]  * Detected change in 'C:\\Python_work\\course_work_3\\api_posts_test.py', reloading
2022-07-03 13:50:59,905 [INFO]  * Restarting with stat
2022-07-03 13:51:00,202 [WARNING]  * Debugger is active!
2022-07-03 13:51:00,202 [INFO]  * Debugger PIN: 580-258-224
2022-07-03 13:53:16,200 [INFO]  * Detected change in 'C:\\Python_work\\course_work_3\\app.py', reloading
2022-07-03 13:53:16,278 [INFO]  * Restarting with stat
2022-07-03 13:53:16,575 [WARNING]  * Debugger is active!
2022-07-03 13:53:16,575 [INFO]  * Debugger PIN: 580-258-224
2022-07-03 13:55:53,796 [INFO]  * Detected change in 'C:\\Python_work\\course_work_3\\api_posts_test.py', reloading
2022-07-03 13:55:53,843 [INFO]  * Restarting with stat
2022-07-03 13:55:54,155 [WARNING]  * Debugger is active!
2022-07-03 13:55:54,155 [INFO]  * Debugger PIN: 580-258-224
2022-07-03 13:57:07,678 [INFO]  * Detected change in 'C:\\Python_work\\course_work_3\\api_posts_test.py', reloading
2022-07-03 13:57:07,724 [INFO]  * Restarting with stat
2022-07-03 13:57:08,021 [WARNING]  * Debugger is active!
2022-07-03 13:57:08,021 [INFO]  * Debugger PIN: 580-258-224
2022-07-03 13:58:10,494 [INFO]  * Detected change in 'C:\\Python_work\\course_work_3\\api_posts_test.py', reloading
2022-07-03 13:58:10,525 [INFO]  * Restarting with stat
2022-07-03 13:58:10,900 [WARNING]  * Debugger is active!
2022-07-03 13:58:10,900 [INFO]  * Debugger PIN: 580-258-224
2022-07-03 13:58:27,073 [INFO]  * Detected change in 'C:\\Python_work\\course_work_3\\api_posts_test.py', reloading
2022-07-03 13:58:27,120 [INFO]  * Restarting with stat
2022-07-03 13:58:27,417 [WARNING]  * Debugger is active!
2022-07-03 13:58:27,417 [INFO]  * Debugger PIN: 580-258-224
2022-07-03 14:00:11,344 [INFO]  * Detected change in 'C:\\Python_work\\course_work_3\\api_posts_test.py', reloading
2022-07-03 14:00:11,407 [INFO]  * Restarting with stat
2022-07-03 14:00:11,710 [WARNING]  * Debugger is active!
2022-07-03 14:00:11,726 [INFO]  * Debugger PIN: 580-258-224
2022-07-03 14:03:07,305 [INFO]  * Detected change in 'C:\\Python_work\\course_work_3\\api_posts_test.py', reloading
2022-07-03 14:03:07,336 [INFO]  * Restarting with stat
2022-07-03 14:03:07,633 [WARNING]  * Debugger is active!
2022-07-03 14:03:07,633 [INFO]  * Debugger PIN: 580-258-224
2022-07-03 14:03:25,444 [INFO] Запрос /api/posts/1
2022-07-03 14:03:25,445 [INFO] 127.0.0.1 - - [03/Jul/2022 14:03:25] "GET /api/posts/1 HTTP/1.1" 200 -
2022-07-03 14:04:10,144 [INFO]  * Detected change in 'C:\\Python_work\\course_work_3\\api_posts_test.py', reloading
2022-07-03 14:04:10,206 [INFO]  * Restarting with stat
2022-07-03 14:04:10,503 [WARNING]  * Debugger is active!
2022-07-03 14:04:10,503 [INFO]  * Debugger PIN: 580-258-224
2022-07-03 14:04:25,598 [INFO]  * Detected change in 'C:\\Python_work\\course_work_3\\api_posts_test.py', reloading
2022-07-03 14:04:25,645 [INFO]  * Restarting with stat
2022-07-03 14:04:25,942 [WARNING]  * Debugger is active!
2022-07-03 14:04:25,942 [INFO]  * Debugger PIN: 580-258-224
2022-07-03 14:04:49,116 [INFO]  * Detected change in 'C:\\Python_work\\course_work_3\\api_posts_test.py', reloading
2022-07-03 14:04:49,163 [INFO]  * Restarting with stat
2022-07-03 14:04:49,445 [WARNING]  * Debugger is active!
2022-07-03 14:04:49,445 [INFO]  * Debugger PIN: 580-258-224
2022-07-03 14:05:08,572 [INFO]  * Detected change in 'C:\\Python_work\\course_work_3\\api_posts_test.py', reloading
2022-07-03 14:05:08,619 [INFO]  * Restarting with stat
2022-07-03 14:05:08,900 [WARNING]  * Debugger is active!
2022-07-03 14:05:08,900 [INFO]  * Debugger PIN: 580-258-224
2022-07-03 14:07:19,229 [INFO]  * Running on http://127.0.0.1:5000 (Press CTRL+C to quit)
2022-07-03 14:07:19,229 [INFO]  * Restarting with stat
2022-07-03 14:07:19,557 [WARNING]  * Debugger is active!
2022-07-03 14:07:19,557 [INFO]  * Debugger PIN: 580-258-224
2022-07-03 14:07:27,701 [INFO] 127.0.0.1 - - [03/Jul/2022 14:07:27] "GET / HTTP/1.1" 200 -
2022-07-03 14:07:27,774 [INFO] 127.0.0.1 - - [03/Jul/2022 14:07:27] "[36mGET /static/css/styles.min.css HTTP/1.1[0m" 304 -
2022-07-03 14:07:27,794 [INFO] 127.0.0.1 - - [03/Jul/2022 14:07:27] "[36mGET /static/img/bookmark.png HTTP/1.1[0m" 304 -
2022-07-03 14:07:27,805 [INFO] 127.0.0.1 - - [03/Jul/2022 14:07:27] "[36mGET /static/img/search.png HTTP/1.1[0m" 304 -
2022-07-03 14:07:27,813 [INFO] 127.0.0.1 - - [03/Jul/2022 14:07:27] "[36mGET /static/img/eye.png HTTP/1.1[0m" 304 -
2022-07-03 14:07:29,693 [INFO] 127.0.0.1 - - [03/Jul/2022 14:07:29] "[35m[1mGET /posts/1 HTTP/1.1[0m" 500 -
2022-07-03 14:07:29,720 [INFO] 127.0.0.1 - - [03/Jul/2022 14:07:29] "GET /posts/1?__debugger__=yes&cmd=resource&f=style.css HTTP/1.1" 200 -
2022-07-03 14:07:29,741 [INFO] 127.0.0.1 - - [03/Jul/2022 14:07:29] "GET /posts/1?__debugger__=yes&cmd=resource&f=debugger.js HTTP/1.1" 200 -
2022-07-03 14:07:29,804 [INFO] 127.0.0.1 - - [03/Jul/2022 14:07:29] "GET /posts/1?__debugger__=yes&cmd=resource&f=console.png HTTP/1.1" 200 -
2022-07-03 14:07:29,844 [INFO] 127.0.0.1 - - [03/Jul/2022 14:07:29] "[36mGET /posts/1?__debugger__=yes&cmd=resource&f=console.png HTTP/1.1[0m" 304 -
2022-07-03 14:08:33,811 [INFO] 127.0.0.1 - - [03/Jul/2022 14:08:33] "GET /posts/1 HTTP/1.1" 200 -
2022-07-03 14:08:33,842 [INFO] 127.0.0.1 - - [03/Jul/2022 14:08:33] "[36mGET /static/css/styles.min.css HTTP/1.1[0m" 304 -
2022-07-03 14:08:33,858 [INFO] 127.0.0.1 - - [03/Jul/2022 14:08:33] "[36mGET /static/img/bookmark.png HTTP/1.1[0m" 304 -
2022-07-03 14:08:33,858 [INFO] 127.0.0.1 - - [03/Jul/2022 14:08:33] "[36mGET /static/img/eye.png HTTP/1.1[0m" 304 -
2022-07-03 14:08:39,231 [INFO] 127.0.0.1 - - [03/Jul/2022 14:08:39] "GET / HTTP/1.1" 200 -
2022-07-03 14:08:39,268 [INFO] 127.0.0.1 - - [03/Jul/2022 14:08:39] "[36mGET /static/css/styles.min.css HTTP/1.1[0m" 304 -
2022-07-03 14:08:39,288 [INFO] 127.0.0.1 - - [03/Jul/2022 14:08:39] "[36mGET /static/img/search.png HTTP/1.1[0m" 304 -
2022-07-03 14:08:39,289 [INFO] 127.0.0.1 - - [03/Jul/2022 14:08:39] "[36mGET /static/img/bookmark.png HTTP/1.1[0m" 304 -
2022-07-03 14:08:39,289 [INFO] 127.0.0.1 - - [03/Jul/2022 14:08:39] "[36mGET /static/img/eye.png HTTP/1.1[0m" 304 -
2022-07-03 14:08:40,623 [INFO] 127.0.0.1 - - [03/Jul/2022 14:08:40] "GET /posts/2 HTTP/1.1" 200 -
2022-07-03 14:08:40,653 [INFO] 127.0.0.1 - - [03/Jul/2022 14:08:40] "[36mGET /static/css/styles.min.css HTTP/1.1[0m" 304 -
2022-07-03 14:08:40,668 [INFO] 127.0.0.1 - - [03/Jul/2022 14:08:40] "[36mGET /static/img/bookmark.png HTTP/1.1[0m" 304 -
2022-07-03 14:08:40,669 [INFO] 127.0.0.1 - - [03/Jul/2022 14:08:40] "[36mGET /static/img/eye.png HTTP/1.1[0m" 304 -
2022-07-03 14:08:44,522 [INFO] 127.0.0.1 - - [03/Jul/2022 14:08:44] "GET / HTTP/1.1" 200 -
2022-07-03 14:08:44,554 [INFO] 127.0.0.1 - - [03/Jul/2022 14:08:44] "[36mGET /static/css/styles.min.css HTTP/1.1[0m" 304 -
2022-07-03 14:08:44,570 [INFO] 127.0.0.1 - - [03/Jul/2022 14:08:44] "[36mGET /static/img/bookmark.png HTTP/1.1[0m" 304 -
2022-07-03 14:08:44,571 [INFO] 127.0.0.1 - - [03/Jul/2022 14:08:44] "[36mGET /static/img/search.png HTTP/1.1[0m" 304 -
2022-07-03 14:08:44,573 [INFO] 127.0.0.1 - - [03/Jul/2022 14:08:44] "[36mGET /static/img/eye.png HTTP/1.1[0m" 304 -
2022-07-03 14:08:46,291 [INFO] 127.0.0.1 - - [03/Jul/2022 14:08:46] "GET /posts/3 HTTP/1.1" 200 -
2022-07-03 14:08:46,322 [INFO] 127.0.0.1 - - [03/Jul/2022 14:08:46] "[36mGET /static/css/styles.min.css HTTP/1.1[0m" 304 -
2022-07-03 14:08:46,340 [INFO] 127.0.0.1 - - [03/Jul/2022 14:08:46] "[36mGET /static/img/bookmark.png HTTP/1.1[0m" 304 -
2022-07-03 14:08:46,340 [INFO] 127.0.0.1 - - [03/Jul/2022 14:08:46] "[36mGET /static/img/eye.png HTTP/1.1[0m" 304 -
2022-07-03 14:08:51,571 [INFO] 127.0.0.1 - - [03/Jul/2022 14:08:51] "GET /posts/4 HTTP/1.1" 200 -
2022-07-03 14:08:51,605 [INFO] 127.0.0.1 - - [03/Jul/2022 14:08:51] "[36mGET /static/css/styles.min.css HTTP/1.1[0m" 304 -
2022-07-03 14:08:51,622 [INFO] 127.0.0.1 - - [03/Jul/2022 14:08:51] "[36mGET /static/img/bookmark.png HTTP/1.1[0m" 304 -
2022-07-03 14:08:51,622 [INFO] 127.0.0.1 - - [03/Jul/2022 14:08:51] "[36mGET /static/img/eye.png HTTP/1.1[0m" 304 -
2022-07-03 14:08:56,274 [INFO] 127.0.0.1 - - [03/Jul/2022 14:08:56] "GET /posts/7 HTTP/1.1" 200 -
2022-07-03 14:08:56,302 [INFO] 127.0.0.1 - - [03/Jul/2022 14:08:56] "[36mGET /static/css/styles.min.css HTTP/1.1[0m" 304 -
2022-07-03 14:08:56,318 [INFO] 127.0.0.1 - - [03/Jul/2022 14:08:56] "[36mGET /static/img/bookmark.png HTTP/1.1[0m" 304 -
2022-07-03 14:08:56,321 [INFO] 127.0.0.1 - - [03/Jul/2022 14:08:56] "[36mGET /static/img/eye.png HTTP/1.1[0m" 304 -
2022-07-03 14:09:20,376 [INFO] Запрос /api/posts
2022-07-03 14:09:20,376 [INFO] 127.0.0.1 - - [03/Jul/2022 14:09:20] "GET /api/posts HTTP/1.1" 200 -
2022-07-03 14:09:52,100 [INFO] 127.0.0.1 - - [03/Jul/2022 14:09:52] "GET / HTTP/1.1" 200 -
2022-07-03 14:09:52,134 [INFO] 127.0.0.1 - - [03/Jul/2022 14:09:52] "[36mGET /static/css/styles.min.css HTTP/1.1[0m" 304 -
2022-07-03 14:09:52,153 [INFO] 127.0.0.1 - - [03/Jul/2022 14:09:52] "[36mGET /static/img/bookmark.png HTTP/1.1[0m" 304 -
2022-07-03 14:09:52,154 [INFO] 127.0.0.1 - - [03/Jul/2022 14:09:52] "[36mGET /static/img/search.png HTTP/1.1[0m" 304 -
2022-07-03 14:09:52,157 [INFO] 127.0.0.1 - - [03/Jul/2022 14:09:52] "[36mGET /static/img/eye.png HTTP/1.1[0m" 304 -
2022-07-03 14:09:57,296 [INFO] 127.0.0.1 - - [03/Jul/2022 14:09:57] "GET /posts/5 HTTP/1.1" 200 -
2022-07-03 14:09:57,325 [INFO] 127.0.0.1 - - [03/Jul/2022 14:09:57] "[36mGET /static/css/styles.min.css HTTP/1.1[0m" 304 -
2022-07-03 14:09:57,344 [INFO] 127.0.0.1 - - [03/Jul/2022 14:09:57] "[36mGET /static/img/bookmark.png HTTP/1.1[0m" 304 -
2022-07-03 14:09:57,345 [INFO] 127.0.0.1 - - [03/Jul/2022 14:09:57] "[36mGET /static/img/eye.png HTTP/1.1[0m" 304 -
2022-07-03 14:16:46,352 [INFO]  * Running on http://127.0.0.1:5000 (Press CTRL+C to quit)
2022-07-03 14:16:46,352 [INFO]  * Restarting with stat
2022-07-03 14:16:46,727 [WARNING]  * Debugger is active!
2022-07-03 14:16:46,727 [INFO]  * Debugger PIN: 580-258-224
2022-07-03 14:16:51,937 [INFO] 127.0.0.1 - - [03/Jul/2022 14:16:51] "GET / HTTP/1.1" 200 -
2022-07-03 14:16:51,953 [INFO] 127.0.0.1 - - [03/Jul/2022 14:16:51] "[36mGET /static/css/styles.min.css HTTP/1.1[0m" 304 -
2022-07-03 14:16:51,953 [INFO] 127.0.0.1 - - [03/Jul/2022 14:16:51] "[36mGET /static/img/search.png HTTP/1.1[0m" 304 -
2022-07-03 14:16:51,968 [INFO] 127.0.0.1 - - [03/Jul/2022 14:16:51] "[36mGET /static/img/bookmark.png HTTP/1.1[0m" 304 -
2022-07-03 14:16:51,968 [INFO] 127.0.0.1 - - [03/Jul/2022 14:16:51] "[36mGET /static/img/eye.png HTTP/1.1[0m" 304 -
2022-07-03 14:17:00,488 [INFO] 127.0.0.1 - - [03/Jul/2022 14:17:00] "GET /posts/5 HTTP/1.1" 200 -
2022-07-03 14:17:00,519 [INFO] 127.0.0.1 - - [03/Jul/2022 14:17:00] "[36mGET /static/css/styles.min.css HTTP/1.1[0m" 304 -
2022-07-03 14:17:00,534 [INFO] 127.0.0.1 - - [03/Jul/2022 14:17:00] "[36mGET /static/img/bookmark.png HTTP/1.1[0m" 304 -
2022-07-03 14:17:00,534 [INFO] 127.0.0.1 - - [03/Jul/2022 14:17:00] "[36mGET /static/img/eye.png HTTP/1.1[0m" 304 -
2022-07-03 14:20:09,995 [INFO]  * Running on http://127.0.0.1:5000 (Press CTRL+C to quit)
2022-07-03 14:20:10,011 [INFO]  * Restarting with stat
2022-07-03 14:20:10,323 [WARNING]  * Debugger is active!
2022-07-03 14:20:10,323 [INFO]  * Debugger PIN: 580-258-224
2022-07-03 14:20:16,940 [INFO] 127.0.0.1 - - [03/Jul/2022 14:20:16] "[35m[1mGET /posts/5 HTTP/1.1[0m" 500 -
2022-07-03 14:20:16,964 [INFO] 127.0.0.1 - - [03/Jul/2022 14:20:16] "GET /posts/5?__debugger__=yes&cmd=resource&f=style.css HTTP/1.1" 200 -
2022-07-03 14:20:16,979 [INFO] 127.0.0.1 - - [03/Jul/2022 14:20:16] "GET /posts/5?__debugger__=yes&cmd=resource&f=debugger.js HTTP/1.1" 200 -
2022-07-03 14:20:17,055 [INFO] 127.0.0.1 - - [03/Jul/2022 14:20:17] "GET /posts/5?__debugger__=yes&cmd=resource&f=console.png HTTP/1.1" 200 -
2022-07-03 14:20:17,090 [INFO] 127.0.0.1 - - [03/Jul/2022 14:20:17] "[36mGET /posts/5?__debugger__=yes&cmd=resource&f=console.png HTTP/1.1[0m" 304 -
2022-07-03 14:21:04,474 [INFO] 127.0.0.1 - - [03/Jul/2022 14:21:04] "GET /posts/5 HTTP/1.1" 200 -
2022-07-03 14:21:04,505 [INFO] 127.0.0.1 - - [03/Jul/2022 14:21:04] "[36mGET /static/css/styles.min.css HTTP/1.1[0m" 304 -
2022-07-03 14:21:04,521 [INFO] 127.0.0.1 - - [03/Jul/2022 14:21:04] "[36mGET /static/img/bookmark.png HTTP/1.1[0m" 304 -
2022-07-03 14:21:04,521 [INFO] 127.0.0.1 - - [03/Jul/2022 14:21:04] "[36mGET /static/img/eye.png HTTP/1.1[0m" 304 -
2022-07-03 14:21:10,012 [INFO] 127.0.0.1 - - [03/Jul/2022 14:21:10] "GET /posts/5 HTTP/1.1" 200 -
2022-07-03 14:21:10,038 [INFO] 127.0.0.1 - - [03/Jul/2022 14:21:10] "[36mGET /static/css/styles.min.css HTTP/1.1[0m" 304 -
2022-07-03 14:21:10,053 [INFO] 127.0.0.1 - - [03/Jul/2022 14:21:10] "[36mGET /static/img/bookmark.png HTTP/1.1[0m" 304 -
2022-07-03 14:21:10,053 [INFO] 127.0.0.1 - - [03/Jul/2022 14:21:10] "[36mGET /static/img/eye.png HTTP/1.1[0m" 304 -
2022-07-03 14:25:51,956 [INFO]  * Running on http://127.0.0.1:5000 (Press CTRL+C to quit)
2022-07-03 14:25:51,956 [INFO]  * Restarting with stat
2022-07-03 14:25:52,319 [WARNING]  * Debugger is active!
2022-07-03 14:25:52,319 [INFO]  * Debugger PIN: 580-258-224
2022-07-03 14:25:59,998 [INFO] 127.0.0.1 - - [03/Jul/2022 14:25:59] "GET /posts/5 HTTP/1.1" 200 -
2022-07-03 14:26:00,023 [INFO] 127.0.0.1 - - [03/Jul/2022 14:26:00] "[36mGET /static/css/styles.min.css HTTP/1.1[0m" 304 -
2022-07-03 14:26:00,041 [INFO] 127.0.0.1 - - [03/Jul/2022 14:26:00] "[36mGET /static/img/bookmark.png HTTP/1.1[0m" 304 -
2022-07-03 14:26:00,042 [INFO] 127.0.0.1 - - [03/Jul/2022 14:26:00] "[36mGET /static/img/eye.png HTTP/1.1[0m" 304 -
2022-07-03 14:26:04,437 [INFO] 127.0.0.1 - - [03/Jul/2022 14:26:04] "GET /posts/5 HTTP/1.1" 200 -
2022-07-03 14:26:04,462 [INFO] 127.0.0.1 - - [03/Jul/2022 14:26:04] "[36mGET /static/css/styles.min.css HTTP/1.1[0m" 304 -
2022-07-03 14:26:04,481 [INFO] 127.0.0.1 - - [03/Jul/2022 14:26:04] "[36mGET /static/img/bookmark.png HTTP/1.1[0m" 304 -
2022-07-03 14:26:04,482 [INFO] 127.0.0.1 - - [03/Jul/2022 14:26:04] "[36mGET /static/img/eye.png HTTP/1.1[0m" 304 -
2022-07-03 14:38:34,363 [INFO] Запрос /api/posts
2022-07-03 14:38:34,364 [INFO] 127.0.0.1 - - [03/Jul/2022 14:38:34] "GET /api/posts HTTP/1.1" 200 -
2022-07-03 14:42:01,829 [INFO]  * Detected change in 'C:\\Python_work\\course_work_3\\utils.py', reloading
2022-07-03 14:42:01,892 [INFO]  * Restarting with stat
2022-07-03 15:34:54,923 [INFO]  * Running on http://127.0.0.1:5000 (Press CTRL+C to quit)
2022-07-03 15:34:54,923 [INFO]  * Restarting with stat
2022-07-03 15:34:55,220 [WARNING]  * Debugger is active!
2022-07-03 15:34:55,220 [INFO]  * Debugger PIN: 580-258-224
2022-07-03 15:34:59,107 [INFO] 127.0.0.1 - - [03/Jul/2022 15:34:59] "GET / HTTP/1.1" 200 -
2022-07-03 15:34:59,169 [INFO] 127.0.0.1 - - [03/Jul/2022 15:34:59] "[36mGET /static/css/styles.min.css HTTP/1.1[0m" 304 -
2022-07-03 15:34:59,185 [INFO] 127.0.0.1 - - [03/Jul/2022 15:34:59] "[36mGET /static/img/search.png HTTP/1.1[0m" 304 -
2022-07-03 15:34:59,200 [INFO] 127.0.0.1 - - [03/Jul/2022 15:34:59] "[36mGET /static/img/bookmark.png HTTP/1.1[0m" 304 -
2022-07-03 15:34:59,200 [INFO] 127.0.0.1 - - [03/Jul/2022 15:34:59] "[36mGET /static/img/eye.png HTTP/1.1[0m" 304 -
2022-07-03 15:35:03,443 [INFO] 127.0.0.1 - - [03/Jul/2022 15:35:03] "GET /bookmarks HTTP/1.1" 200 -
2022-07-03 15:35:03,474 [INFO] 127.0.0.1 - - [03/Jul/2022 15:35:03] "[33mGET /css/styles.min.css HTTP/1.1[0m" 404 -
2022-07-03 15:35:03,489 [INFO] 127.0.0.1 - - [03/Jul/2022 15:35:03] "[33mGET /img/ava1.png HTTP/1.1[0m" 404 -
2022-07-03 15:35:03,490 [INFO] 127.0.0.1 - - [03/Jul/2022 15:35:03] "[33mGET /img/post5.jpg HTTP/1.1[0m" 404 -
2022-07-03 15:35:03,492 [INFO] 127.0.0.1 - - [03/Jul/2022 15:35:03] "[33mGET /img/eye.png HTTP/1.1[0m" 404 -
2022-07-03 15:35:03,494 [INFO] 127.0.0.1 - - [03/Jul/2022 15:35:03] "[33mGET /img/bookmark.png HTTP/1.1[0m" 404 -
2022-07-03 15:35:03,494 [INFO] 127.0.0.1 - - [03/Jul/2022 15:35:03] "[33mGET /img/ava2.png HTTP/1.1[0m" 404 -
2022-07-03 15:35:03,497 [INFO] 127.0.0.1 - - [03/Jul/2022 15:35:03] "[33mGET /img/post6.jpg HTTP/1.1[0m" 404 -
2022-07-03 15:35:03,497 [INFO] 127.0.0.1 - - [03/Jul/2022 15:35:03] "[33mGET /img/post7.jpg HTTP/1.1[0m" 404 -
2022-07-03 15:35:40,596 [INFO] 127.0.0.1 - - [03/Jul/2022 15:35:40] "GET /bookmarks HTTP/1.1" 200 -
2022-07-03 15:35:40,624 [INFO] 127.0.0.1 - - [03/Jul/2022 15:35:40] "[36mGET /static/css/styles.min.css HTTP/1.1[0m" 304 -
2022-07-03 15:35:40,644 [INFO] 127.0.0.1 - - [03/Jul/2022 15:35:40] "[33mGET /img/ava1.png HTTP/1.1[0m" 404 -
2022-07-03 15:35:40,645 [INFO] 127.0.0.1 - - [03/Jul/2022 15:35:40] "[33mGET /img/post5.jpg HTTP/1.1[0m" 404 -
2022-07-03 15:35:40,648 [INFO] 127.0.0.1 - - [03/Jul/2022 15:35:40] "[33mGET /img/eye.png HTTP/1.1[0m" 404 -
2022-07-03 15:35:40,649 [INFO] 127.0.0.1 - - [03/Jul/2022 15:35:40] "[33mGET /img/bookmark.png HTTP/1.1[0m" 404 -
2022-07-03 15:35:40,651 [INFO] 127.0.0.1 - - [03/Jul/2022 15:35:40] "[33mGET /img/ava2.png HTTP/1.1[0m" 404 -
2022-07-03 15:35:40,654 [INFO] 127.0.0.1 - - [03/Jul/2022 15:35:40] "[33mGET /img/post6.jpg HTTP/1.1[0m" 404 -
2022-07-03 15:35:40,656 [INFO] 127.0.0.1 - - [03/Jul/2022 15:35:40] "[33mGET /img/post7.jpg HTTP/1.1[0m" 404 -
2022-07-03 15:36:10,850 [INFO] 127.0.0.1 - - [03/Jul/2022 15:36:10] "GET /bookmarks HTTP/1.1" 200 -
2022-07-03 15:36:10,880 [INFO] 127.0.0.1 - - [03/Jul/2022 15:36:10] "[36mGET /static/css/styles.min.css HTTP/1.1[0m" 304 -
2022-07-03 15:36:10,898 [INFO] 127.0.0.1 - - [03/Jul/2022 15:36:10] "[33mGET /img/ava1.png HTTP/1.1[0m" 404 -
2022-07-03 15:36:10,898 [INFO] 127.0.0.1 - - [03/Jul/2022 15:36:10] "[33mGET /img/post5.jpg HTTP/1.1[0m" 404 -
2022-07-03 15:36:10,905 [INFO] 127.0.0.1 - - [03/Jul/2022 15:36:10] "[33mGET /img/bookmark.png HTTP/1.1[0m" 404 -
2022-07-03 15:36:10,909 [INFO] 127.0.0.1 - - [03/Jul/2022 15:36:10] "[33mGET /img/ava2.png HTTP/1.1[0m" 404 -
2022-07-03 15:36:10,910 [INFO] 127.0.0.1 - - [03/Jul/2022 15:36:10] "[33mGET /img/eye.png HTTP/1.1[0m" 404 -
2022-07-03 15:36:10,912 [INFO] 127.0.0.1 - - [03/Jul/2022 15:36:10] "[33mGET /img/post6.jpg HTTP/1.1[0m" 404 -
2022-07-03 15:36:10,914 [INFO] 127.0.0.1 - - [03/Jul/2022 15:36:10] "[33mGET /img/post7.jpg HTTP/1.1[0m" 404 -
2022-07-03 15:36:55,379 [INFO] 127.0.0.1 - - [03/Jul/2022 15:36:55] "GET /bookmarks HTTP/1.1" 200 -
2022-07-03 15:36:55,408 [INFO] 127.0.0.1 - - [03/Jul/2022 15:36:55] "[36mGET /static/css/styles.min.css HTTP/1.1[0m" 304 -
2022-07-03 15:36:55,414 [INFO] 127.0.0.1 - - [03/Jul/2022 15:36:55] "[33mGET /img/ava1.png HTTP/1.1[0m" 404 -
2022-07-03 15:36:55,414 [INFO] 127.0.0.1 - - [03/Jul/2022 15:36:55] "[33mGET /img/eye.png HTTP/1.1[0m" 404 -
2022-07-03 15:36:55,414 [INFO] 127.0.0.1 - - [03/Jul/2022 15:36:55] "[33mGET /img/post5.jpg HTTP/1.1[0m" 404 -
2022-07-03 15:36:55,414 [INFO] 127.0.0.1 - - [03/Jul/2022 15:36:55] "[33mGET /img/bookmark.png HTTP/1.1[0m" 404 -
2022-07-03 15:36:55,430 [INFO] 127.0.0.1 - - [03/Jul/2022 15:36:55] "[33mGET /img/ava2.png HTTP/1.1[0m" 404 -
2022-07-03 15:36:55,430 [INFO] 127.0.0.1 - - [03/Jul/2022 15:36:55] "[33mGET /img/post6.jpg HTTP/1.1[0m" 404 -
2022-07-03 15:36:55,430 [INFO] 127.0.0.1 - - [03/Jul/2022 15:36:55] "[33mGET /img/post7.jpg HTTP/1.1[0m" 404 -
2022-07-03 15:36:57,981 [INFO] 127.0.0.1 - - [03/Jul/2022 15:36:57] "GET / HTTP/1.1" 200 -
2022-07-03 15:36:58,011 [INFO] 127.0.0.1 - - [03/Jul/2022 15:36:58] "[36mGET /static/css/styles.min.css HTTP/1.1[0m" 304 -
2022-07-03 15:36:58,027 [INFO] 127.0.0.1 - - [03/Jul/2022 15:36:58] "[36mGET /static/img/search.png HTTP/1.1[0m" 304 -
2022-07-03 15:36:58,027 [INFO] 127.0.0.1 - - [03/Jul/2022 15:36:58] "[36mGET /static/img/bookmark.png HTTP/1.1[0m" 304 -
2022-07-03 15:36:58,027 [INFO] 127.0.0.1 - - [03/Jul/2022 15:36:58] "[36mGET /static/img/eye.png HTTP/1.1[0m" 304 -
2022-07-03 15:40:23,022 [INFO]  * Detected change in 'C:\\Python_work\\course_work_3\\utils.py', reloading
2022-07-03 15:40:23,084 [INFO]  * Restarting with stat
2022-07-03 15:40:23,428 [WARNING]  * Debugger is active!
2022-07-03 15:40:23,428 [INFO]  * Debugger PIN: 580-258-224
2022-07-03 15:40:36,540 [INFO] 127.0.0.1 - - [03/Jul/2022 15:40:36] "[36mGET /static/css/styles.min.css HTTP/1.1[0m" 304 -
2022-07-03 15:40:36,597 [INFO] 127.0.0.1 - - [03/Jul/2022 15:40:36] "GET /static/css/styles.min.css.map HTTP/1.1" 200 -
2022-07-03 15:43:49,856 [INFO]  * Running on http://127.0.0.1:5000 (Press CTRL+C to quit)
2022-07-03 15:43:49,872 [INFO]  * Restarting with stat
2022-07-03 15:43:50,278 [WARNING]  * Debugger is active!
2022-07-03 15:43:50,294 [INFO]  * Debugger PIN: 580-258-224
2022-07-03 15:49:25,307 [INFO]  * Running on http://127.0.0.1:5000 (Press CTRL+C to quit)
2022-07-03 15:49:25,307 [INFO]  * Restarting with stat
2022-07-03 15:49:25,994 [WARNING]  * Debugger is active!
2022-07-03 15:49:25,994 [INFO]  * Debugger PIN: 580-258-224
2022-07-03 15:51:18,785 [INFO]  * Running on http://127.0.0.1:5000 (Press CTRL+C to quit)
2022-07-03 15:51:18,785 [INFO]  * Restarting with stat
2022-07-03 15:51:19,144 [WARNING]  * Debugger is active!
2022-07-03 15:51:19,144 [INFO]  * Debugger PIN: 580-258-224
2022-07-03 15:59:45,453 [INFO] 127.0.0.1 - - [03/Jul/2022 15:59:45] "GET /bookmarks HTTP/1.1" 200 -
2022-07-03 15:59:45,509 [INFO] 127.0.0.1 - - [03/Jul/2022 15:59:45] "[33mGET /img/ava1.png HTTP/1.1[0m" 404 -
2022-07-03 15:59:45,512 [INFO] 127.0.0.1 - - [03/Jul/2022 15:59:45] "[33mGET /img/post5.jpg HTTP/1.1[0m" 404 -
2022-07-03 15:59:45,514 [INFO] 127.0.0.1 - - [03/Jul/2022 15:59:45] "[33mGET /img/eye.png HTTP/1.1[0m" 404 -
2022-07-03 15:59:45,522 [INFO] 127.0.0.1 - - [03/Jul/2022 15:59:45] "[33mGET /img/bookmark.png HTTP/1.1[0m" 404 -
2022-07-03 15:59:45,524 [INFO] 127.0.0.1 - - [03/Jul/2022 15:59:45] "[33mGET /img/ava2.png HTTP/1.1[0m" 404 -
2022-07-03 15:59:45,530 [INFO] 127.0.0.1 - - [03/Jul/2022 15:59:45] "[33mGET /img/post6.jpg HTTP/1.1[0m" 404 -
2022-07-03 15:59:45,533 [INFO] 127.0.0.1 - - [03/Jul/2022 15:59:45] "[33mGET /img/post7.jpg HTTP/1.1[0m" 404 -
2022-07-03 15:59:45,536 [INFO] 127.0.0.1 - - [03/Jul/2022 15:59:45] "[36mGET /static/css/styles.min.css HTTP/1.1[0m" 304 -
2022-07-03 15:59:45,710 [INFO] 127.0.0.1 - - [03/Jul/2022 15:59:45] "GET /static/css/styles.min.css.map HTTP/1.1" 200 -
2022-07-03 15:59:47,734 [INFO] 127.0.0.1 - - [03/Jul/2022 15:59:47] "GET / HTTP/1.1" 200 -
2022-07-03 15:59:47,767 [INFO] 127.0.0.1 - - [03/Jul/2022 15:59:47] "[36mGET /static/css/styles.min.css HTTP/1.1[0m" 304 -
2022-07-03 15:59:47,772 [INFO] 127.0.0.1 - - [03/Jul/2022 15:59:47] "[36mGET /static/img/search.png HTTP/1.1[0m" 304 -
2022-07-03 15:59:47,796 [INFO] 127.0.0.1 - - [03/Jul/2022 15:59:47] "[36mGET /static/img/bookmark.png HTTP/1.1[0m" 304 -
2022-07-03 15:59:47,803 [INFO] 127.0.0.1 - - [03/Jul/2022 15:59:47] "[36mGET /static/img/eye.png HTTP/1.1[0m" 304 -
2022-07-03 15:59:47,953 [INFO] 127.0.0.1 - - [03/Jul/2022 15:59:47] "GET /static/css/styles.min.css.map HTTP/1.1" 200 -
2022-07-03 16:00:39,329 [INFO] 127.0.0.1 - - [03/Jul/2022 16:00:39] "GET / HTTP/1.1" 200 -
2022-07-03 16:00:39,361 [INFO] 127.0.0.1 - - [03/Jul/2022 16:00:39] "[36mGET /static/css/styles.min.css HTTP/1.1[0m" 304 -
2022-07-03 16:00:39,365 [INFO] 127.0.0.1 - - [03/Jul/2022 16:00:39] "[36mGET /static/img/search.png HTTP/1.1[0m" 304 -
2022-07-03 16:00:39,393 [INFO] 127.0.0.1 - - [03/Jul/2022 16:00:39] "[36mGET /static/img/bookmark.png HTTP/1.1[0m" 304 -
2022-07-03 16:00:39,395 [INFO] 127.0.0.1 - - [03/Jul/2022 16:00:39] "[36mGET /static/img/eye.png HTTP/1.1[0m" 304 -
2022-07-03 16:00:39,545 [INFO] 127.0.0.1 - - [03/Jul/2022 16:00:39] "GET /static/css/styles.min.css.map HTTP/1.1" 200 -
2022-07-03 16:05:52,295 [INFO]  * Running on http://127.0.0.1:5000 (Press CTRL+C to quit)
2022-07-03 16:05:52,295 [INFO]  * Restarting with stat
2022-07-03 16:05:52,748 [WARNING]  * Debugger is active!
2022-07-03 16:05:52,748 [INFO]  * Debugger PIN: 580-258-224
2022-07-03 16:06:56,240 [INFO]  * Running on http://127.0.0.1:5000 (Press CTRL+C to quit)
2022-07-03 16:06:56,256 [INFO]  * Restarting with stat
2022-07-03 16:06:56,615 [WARNING]  * Debugger is active!
2022-07-03 16:06:56,615 [INFO]  * Debugger PIN: 580-258-224
2022-07-03 16:08:03,166 [INFO]  * Detected change in 'C:\\Python_work\\course_work_3\\app.py', reloading
2022-07-03 16:08:03,224 [INFO]  * Restarting with stat
2022-07-03 16:15:00,475 [INFO]  * Running on http://127.0.0.1:5000 (Press CTRL+C to quit)
2022-07-03 16:15:00,475 [INFO]  * Restarting with stat
2022-07-03 16:15:00,818 [WARNING]  * Debugger is active!
2022-07-03 16:15:00,818 [INFO]  * Debugger PIN: 580-258-224
2022-07-03 16:15:06,816 [INFO] 127.0.0.1 - - [03/Jul/2022 16:15:06] "[35m[1mGET / HTTP/1.1[0m" 500 -
2022-07-03 16:15:06,890 [INFO] 127.0.0.1 - - [03/Jul/2022 16:15:06] "[36mGET /?__debugger__=yes&cmd=resource&f=style.css HTTP/1.1[0m" 304 -
2022-07-03 16:15:06,914 [INFO] 127.0.0.1 - - [03/Jul/2022 16:15:06] "[36mGET /?__debugger__=yes&cmd=resource&f=debugger.js HTTP/1.1[0m" 304 -
2022-07-03 16:15:06,995 [INFO] 127.0.0.1 - - [03/Jul/2022 16:15:06] "[36mGET /?__debugger__=yes&cmd=resource&f=console.png HTTP/1.1[0m" 304 -
2022-07-03 16:15:07,145 [INFO] 127.0.0.1 - - [03/Jul/2022 16:15:07] "[36mGET /?__debugger__=yes&cmd=resource&f=console.png HTTP/1.1[0m" 304 -
2022-07-03 16:15:10,934 [INFO] 127.0.0.1 - - [03/Jul/2022 16:15:10] "GET /static/css/styles.min.css.map HTTP/1.1" 200 -
2022-07-03 16:15:12,564 [INFO] 127.0.0.1 - - [03/Jul/2022 16:15:12] "[35m[1mGET / HTTP/1.1[0m" 500 -
2022-07-03 16:15:12,601 [INFO] 127.0.0.1 - - [03/Jul/2022 16:15:12] "[36mGET /?__debugger__=yes&cmd=resource&f=style.css HTTP/1.1[0m" 304 -
2022-07-03 16:15:12,624 [INFO] 127.0.0.1 - - [03/Jul/2022 16:15:12] "[36mGET /?__debugger__=yes&cmd=resource&f=debugger.js HTTP/1.1[0m" 304 -
2022-07-03 16:15:12,689 [INFO] 127.0.0.1 - - [03/Jul/2022 16:15:12] "[36mGET /?__debugger__=yes&cmd=resource&f=console.png HTTP/1.1[0m" 304 -
2022-07-03 16:15:31,329 [INFO]  * Running on http://127.0.0.1:5000 (Press CTRL+C to quit)
2022-07-03 16:15:31,329 [INFO]  * Restarting with stat
2022-07-03 16:15:31,946 [WARNING]  * Debugger is active!
2022-07-03 16:15:31,946 [INFO]  * Debugger PIN: 580-258-224
2022-07-03 16:15:33,090 [INFO] 127.0.0.1 - - [03/Jul/2022 16:15:33] "GET /static/css/styles.min.css.map HTTP/1.1" 200 -
2022-07-03 16:15:34,430 [INFO] 127.0.0.1 - - [03/Jul/2022 16:15:34] "[35m[1mGET / HTTP/1.1[0m" 500 -
2022-07-03 16:15:34,470 [INFO] 127.0.0.1 - - [03/Jul/2022 16:15:34] "[36mGET /?__debugger__=yes&cmd=resource&f=style.css HTTP/1.1[0m" 304 -
2022-07-03 16:15:34,496 [INFO] 127.0.0.1 - - [03/Jul/2022 16:15:34] "[36mGET /?__debugger__=yes&cmd=resource&f=debugger.js HTTP/1.1[0m" 304 -
2022-07-03 16:15:34,566 [INFO] 127.0.0.1 - - [03/Jul/2022 16:15:34] "[36mGET /?__debugger__=yes&cmd=resource&f=console.png HTTP/1.1[0m" 304 -
2022-07-03 16:16:07,295 [INFO]  * Running on http://127.0.0.1:5000 (Press CTRL+C to quit)
2022-07-03 16:16:07,295 [INFO]  * Restarting with stat
2022-07-03 16:16:07,701 [WARNING]  * Debugger is active!
2022-07-03 16:16:07,701 [INFO]  * Debugger PIN: 580-258-224
2022-07-03 16:16:09,511 [INFO] 127.0.0.1 - - [03/Jul/2022 16:16:09] "GET / HTTP/1.1" 200 -
2022-07-03 16:16:09,583 [INFO] 127.0.0.1 - - [03/Jul/2022 16:16:09] "[36mGET /static/css/styles.min.css HTTP/1.1[0m" 304 -
2022-07-03 16:16:09,589 [INFO] 127.0.0.1 - - [03/Jul/2022 16:16:09] "[36mGET /static/img/search.png HTTP/1.1[0m" 304 -
2022-07-03 16:16:09,595 [INFO] 127.0.0.1 - - [03/Jul/2022 16:16:09] "[36mGET /static/img/eye.png HTTP/1.1[0m" 304 -
2022-07-03 16:16:09,597 [INFO] 127.0.0.1 - - [03/Jul/2022 16:16:09] "[36mGET /static/img/bookmark.png HTTP/1.1[0m" 304 -
2022-07-03 16:16:09,873 [INFO] 127.0.0.1 - - [03/Jul/2022 16:16:09] "GET /static/css/styles.min.css.map HTTP/1.1" 200 -
2022-07-03 16:16:13,201 [INFO] 127.0.0.1 - - [03/Jul/2022 16:16:13] "POST / HTTP/1.1" 200 -
2022-07-03 16:16:13,235 [INFO] 127.0.0.1 - - [03/Jul/2022 16:16:13] "[36mGET /static/css/styles.min.css HTTP/1.1[0m" 304 -
2022-07-03 16:16:13,240 [INFO] 127.0.0.1 - - [03/Jul/2022 16:16:13] "[36mGET /static/img/search.png HTTP/1.1[0m" 304 -
2022-07-03 16:16:13,265 [INFO] 127.0.0.1 - - [03/Jul/2022 16:16:13] "[36mGET /static/img/bookmark.png HTTP/1.1[0m" 304 -
2022-07-03 16:16:13,267 [INFO] 127.0.0.1 - - [03/Jul/2022 16:16:13] "[36mGET /static/img/eye.png HTTP/1.1[0m" 304 -
2022-07-03 16:16:13,413 [INFO] 127.0.0.1 - - [03/Jul/2022 16:16:13] "GET /static/css/styles.min.css.map HTTP/1.1" 200 -
2022-07-03 16:17:00,340 [INFO]  * Running on http://127.0.0.1:5000 (Press CTRL+C to quit)
2022-07-03 16:17:00,340 [INFO]  * Restarting with stat
2022-07-03 16:17:00,815 [WARNING]  * Debugger is active!
2022-07-03 16:17:00,831 [INFO]  * Debugger PIN: 580-258-224
2022-07-03 16:17:01,812 [INFO] 127.0.0.1 - - [03/Jul/2022 16:17:01] "POST / HTTP/1.1" 200 -
2022-07-03 16:17:01,873 [INFO] 127.0.0.1 - - [03/Jul/2022 16:17:01] "[36mGET /static/css/styles.min.css HTTP/1.1[0m" 304 -
2022-07-03 16:17:01,886 [INFO] 127.0.0.1 - - [03/Jul/2022 16:17:01] "[36mGET /static/img/bookmark.png HTTP/1.1[0m" 304 -
2022-07-03 16:17:01,887 [INFO] 127.0.0.1 - - [03/Jul/2022 16:17:01] "[36mGET /static/img/eye.png HTTP/1.1[0m" 304 -
2022-07-03 16:17:01,899 [INFO] 127.0.0.1 - - [03/Jul/2022 16:17:01] "[36mGET /static/img/search.png HTTP/1.1[0m" 304 -
2022-07-03 16:17:02,057 [INFO] 127.0.0.1 - - [03/Jul/2022 16:17:02] "GET /static/css/styles.min.css.map HTTP/1.1" 200 -
